Start testing: Feb 11 12:21 CST
----------------------------------------------------------
1/1 Testing: initial_matrix_test
1/1 Test: initial_matrix_test
Command: "/home/fjord/Desktop/Modern C++/HW/hw2/igg_image/bin/initial_matrix_test"
Directory: /home/fjord/Desktop/Modern C++/HW/hw2/igg_image/build/tests
"initial_matrix_test" start time: Feb 11 12:21 CST
Output:
----------------------------------------------------------
Running main() from gtest_main.cc
[==========] Running 5 tests from 1 test case.
[----------] Global test environment set-up.
[----------] 5 tests from TestImage
[ RUN      ] TestImage.InitFromNumber
[       OK ] TestImage.InitFromNumber (0 ms)
[ RUN      ] TestImage.InitFromFile
The data is processed sucessfully.
[       OK ] TestImage.InitFromFile (30 ms)
[ RUN      ] TestImage.InitFromFileFail
[       OK ] TestImage.InitFromFileFail (0 ms)
[ RUN      ] TestImage.ComputeHistogramSum
[       OK ] TestImage.ComputeHistogramSum (10 ms)
[ RUN      ] TestImage.ComputeHistogramNoBin
[       OK ] TestImage.ComputeHistogramNoBin (10 ms)
[----------] 5 tests from TestImage (50 ms total)

[----------] Global test environment tear-down
[==========] 5 tests from 1 test case ran. (50 ms total)
[  PASSED  ] 5 tests.
<end of output>
Test time =   0.05 sec
----------------------------------------------------------
Test Passed.
"initial_matrix_test" end time: Feb 11 12:21 CST
"initial_matrix_test" time elapsed: 00:00:00
----------------------------------------------------------

End testing: Feb 11 12:21 CST
